<?xml version="1.0" encoding="UTF-8"?>
<testng-results ignored="0" total="3" passed="3" failed="0" skipped="0">
  <reporter-output>
  </reporter-output>
  <suite started-at="2024-05-18T11:26:54 IST" name="Default suite" finished-at="2024-05-18T11:27:12 IST" duration-ms="17090">
    <groups>
    </groups>
    <test started-at="2024-05-18T11:26:54 IST" name="Default test" finished-at="2024-05-18T11:27:12 IST" duration-ms="17090">
      <class name="testNGAttributes.dataProvider1">
        <test-method signature="searchTest1(java.lang.String,java.lang.String)[pri:0, instance:testNGAttributes.dataProvider1@2473d930]" started-at="2024-05-18T11:26:55 IST" name="searchTest1" data-provider="searchtestdata" finished-at="2024-05-18T11:27:01 IST" duration-ms="6644" status="PASS">
          <params>
            <param index="0">
              <value>
                <![CDATA[https://demowebshop.tricentis.com/]]>
              </value>
            </param>
            <param index="1">
              <value>
                <![CDATA[mobiles]]>
              </value>
            </param>
          </params>
          <reporter-output>
          </reporter-output>
        </test-method> <!-- searchTest1 -->
        <test-method signature="searchTest1(java.lang.String,java.lang.String)[pri:0, instance:testNGAttributes.dataProvider1@2473d930]" started-at="2024-05-18T11:27:01 IST" name="searchTest1" data-provider="searchtestdata" finished-at="2024-05-18T11:27:06 IST" duration-ms="5131" status="PASS">
          <params>
            <param index="0">
              <value>
                <![CDATA[https://demowebshop.tricentis.com/]]>
              </value>
            </param>
            <param index="1">
              <value>
                <![CDATA[books]]>
              </value>
            </param>
          </params>
          <reporter-output>
          </reporter-output>
        </test-method> <!-- searchTest1 -->
        <test-method signature="searchTest1(java.lang.String,java.lang.String)[pri:0, instance:testNGAttributes.dataProvider1@2473d930]" started-at="2024-05-18T11:27:06 IST" name="searchTest1" data-provider="searchtestdata" finished-at="2024-05-18T11:27:12 IST" duration-ms="5241" status="PASS">
          <params>
            <param index="0">
              <value>
                <![CDATA[https://demowebshop.tricentis.com/]]>
              </value>
            </param>
            <param index="1">
              <value>
                <![CDATA[tv]]>
              </value>
            </param>
          </params>
          <reporter-output>
          </reporter-output>
        </test-method> <!-- searchTest1 -->
      </class> <!-- testNGAttributes.dataProvider1 -->
    </test> <!-- Default test -->
  </suite> <!-- Default suite -->
</testng-results>
