<?xml version="1.0" encoding="UTF-8"?>
<!-- Generated by org.testng.reporters.JUnitXMLReporter -->
<testsuite ignored="0" hostname="LAPTOP-DENRBFPO" failures="0" tests="3" name="WebShop" time="10.301" errors="0" timestamp="2024-05-18T10:26:14 IST">
  <testcase classname="testNgScripts.VoteTest" name="voteTest" time="8.731"/>
  <testcase classname="testNgScripts.subscribeTest" name="subscribetest" time="8.957"/>
  <testcase classname="testNgScripts.SearchTest" name="searchTestcase" time="10.23"/>
</testsuite> <!-- WebShop -->
