<?xml version="1.0" encoding="UTF-8"?>
<!-- Generated by org.testng.reporters.JUnitXMLReporter -->
<testsuite ignored="4" hostname="LAPTOP-DENRBFPO" failures="0" tests="2" name="Test" time="0.101" errors="0" timestamp="2024-05-17T15:11:18 IST">
  <testcase classname="testNGAttributes.groupsAttributeTestClass2" name="registerTest" time="0.02"/>
  <testcase classname="testNGAttributes.groupsAttributeTestClass1" name="loginTest" time="0.002"/>
  <testcase classname="testNGAttributes.groupsAttributeTestClass1" name="subscribeTest" time="0.0">
    <ignored/>
  </testcase> <!-- subscribeTest -->
  <testcase classname="testNGAttributes.groupsAttributeTestClass1" name="searchTest" time="0.0">
    <ignored/>
  </testcase> <!-- searchTest -->
  <testcase classname="testNGAttributes.groupsAttributeTestClass2" name="voteTest" time="0.0">
    <ignored/>
  </testcase> <!-- voteTest -->
  <testcase classname="testNGAttributes.groupsAttributeTestClass2" name="addToCartTest" time="0.0">
    <ignored/>
  </testcase> <!-- addToCartTest -->
</testsuite> <!-- Test -->
