<?xml version="1.0" encoding="UTF-8"?>
<!-- Generated by org.testng.reporters.JUnitXMLReporter -->
<testsuite ignored="0" hostname="LAPTOP-DENRBFPO" failures="0" tests="3" name="Default test" time="17.09" errors="0" timestamp="2024-05-18T11:27:12 IST">
  <testcase classname="testNGAttributes.dataProvider1" name="searchTest1" time="6.644"/>
  <testcase classname="testNGAttributes.dataProvider1" name="searchTest1" time="5.131"/>
  <testcase classname="testNGAttributes.dataProvider1" name="searchTest1" time="5.241"/>
</testsuite> <!-- Default test -->
